Input text for user: 'como pedro haciendo'
Input text for user: ''
Input text for user: ''
Input text for user: ''
Input text for user: ''
Input text for user: ''
Input text for user: ''
Input text for user: ''
Input text for user: ''
Input text for user: ''
Input text for user: ''
Input text for user: ''
Input text for user: ''
Input text for user: ''
Input text for user: ''
Input text for user: ''
Input text for user: ''
Input text for user: ''
Input text for user: ''
Input text for user: ''
Input text for user: ''
Input text for user: ''
Input text for user: ''
Input text for user: ''
Input text for user: ''
Input text for user: ''
Input text for user: ''
Input text for user: ''
Input text for user: ''
Input text for user: ''
Input text for user: 'pero pedro'
Input text for user: ''
Input text for user: ''
Input text for user: ''
Input text for user: ''
Input text for user: ''
Input text for user: ''
Input text for user: ''
Input text for user: ''
Input text for user: 'pedro'
Input text for user: ''
Input text for user: ''
Input text for user: ''
Input text for user: ''
Input text for user: ''
Input text for user: hola pedro
Input text for user: hola pedro
2024-04-20 22:36:57,733 [DEBUG] Input text for user: hola pedro
